<?xml version="1.0" encoding="UTF-8" ?>
<testsuite errors="0" failures="0" hostname="Xuetings-MacBook-Pro.local" name="org.apache.cassandra.cache.CachePolicyTest" skipped="0" tests="1" time="2.027" timestamp="2017-06-05T03:02:34">
  <properties>
[...]
</properties>
  <testcase classname="org.apache.cassandra.cache.CachePolicyTest" name="testSerializingCache" time="0.017" />
  <system-out><![CDATA[WARN  03:02:35 Only 28513 MB free across all data volumes. Consider adding more capacity to your cluster or removing obsolete snapshots
WARN  03:02:35 Only 28513 MB free across all data volumes. Consider adding more capacity to your cluster or removing obsolete snapshots
WARN  03:02:36 JNA link failure, one or more native method will be unavailable.
WARN  03:02:36 JNA link failure, one or more native method will be unavailable.
]]></system-out>
  <system-err><![CDATA[]]></system-err>
</testsuite>
